<?xml version="1.0" encoding="UTF-8"?>
<!-- Generated by org.testng.reporters.JUnitReportReporter -->
<testsuite name="Pages.SignUp" tests="1" time="13.046" ignored="2" failures="0" timestamp="05 Mar 2020 11:42:52 GMT" skipped="0" hostname="LAPTOP-5G9L95S0" errors="0">
  <testcase name="SigUpTest" time="13.046" classname="Pages.SignUp"/>
  <testcase name="getInstance" classname="baseController.TestBase">
    <skipped/>
  </testcase> <!-- getInstance -->
  <testcase name="tearDownMethod" classname="baseController.TestBase">
    <skipped/>
  </testcase> <!-- tearDownMethod -->
</testsuite> <!-- Pages.SignUp -->
