<?xml version="1.0" encoding="UTF-8"?>
<!-- Generated by org.testng.reporters.JUnitReportReporter -->
<testsuite name="com.jbk.TestBase.SignUp" tests="1" time="0.005" ignored="0" failures="0" timestamp="02 Mar 2020 14:39:59 GMT" skipped="0" hostname="LAPTOP-5G9L95S0" errors="0">
  <testcase name="signUpTestCase" time="0.005" classname="com.jbk.TestBase.SignUp"/>
</testsuite> <!-- com.jbk.TestBase.SignUp -->
